[16Mar2025 02:22:37.766] [main/INFO] [cpw.mods.modlauncher.Launcher/MODLAUNCHER]: ModLauncher running: args [--launchTarget, forge_server, nogui]
[16Mar2025 02:22:37.769] [main/INFO] [cpw.mods.modlauncher.Launcher/MODLAUNCHER]: JVM identified as Ubuntu OpenJDK 64-Bit Server VM 21.0.6+7-Ubuntu-120.04.1
[16Mar2025 02:22:37.771] [main/INFO] [cpw.mods.modlauncher.Launcher/MODLAUNCHER]: ModLauncher 10.2.1 starting: java version 21.0.6 by Ubuntu; OS Linux arch amd64 version 6.8.0-1021-azure
[16Mar2025 02:22:38.086] [main/INFO] [net.minecraftforge.fml.loading.ImmediateWindowHandler/]: ImmediateWindowProvider not loading because launch target is forge_server
[16Mar2025 02:22:38.287] [main/INFO] [mixin/]: SpongePowered MIXIN Subsystem Version=0.8.7 Source=jar:file:///workspaces/disemVanilla/servidor_minecraft/libraries/org/spongepowered/mixin/0.8.7/mixin-0.8.7.jar!/ Service=ModLauncher Env=SERVER
[16Mar2025 02:22:38.957] [main/INFO] [net.minecraftforge.fml.loading.moddiscovery.JarInJarDependencyLocator/]: Found 2 dependencies adding them to mods collection
[16Mar2025 02:22:39.190] [main/ERROR] [net.minecraftforge.fml.loading.ModSorter/LOADING]: Missing or unsupported mandatory dependencies:
	Mod ID: 'supermartijn642corelib', Requested by: 'rechiseled', Expected range: '[1.1.17,1.2.0)', Actual version: '[MISSING]'
	Mod ID: 'supermartijn642corelib', Requested by: 'connectedglass', Expected range: '[1.1.17,1.2.0)', Actual version: '[MISSING]'
	Mod ID: 'forge', Requested by: 'bookshelf', Expected range: '[52.0.16,)', Actual version: '52.0.9'
	Mod ID: 'forge', Requested by: 'enchdesc', Expected range: '[52.0.16,)', Actual version: '52.0.9'
	Mod ID: 'forge', Requested by: 'prickle', Expected range: '[52.0.16,)', Actual version: '52.0.9'
[16Mar2025 02:22:40.288] [main/INFO] [cpw.mods.modlauncher.LaunchServiceHandler/MODLAUNCHER]: Launching target 'forge_server' with arguments [nogui]
[16Mar2025 02:22:40.894] [main/WARN] [oshi.util.FileUtil/]: Configuration conflict: there is more than one oshi.properties file on the classpath: [jar:file:///workspaces/disemVanilla/servidor_minecraft/libraries/com/github/oshi/oshi-core/6.4.10/oshi-core-6.4.10.jar!/oshi.properties, jar:file:/workspaces/disemVanilla/servidor_minecraft/libraries/com/github/oshi/oshi-core/6.4.10/oshi-core-6.4.10.jar!/oshi.properties, jar:file:///workspaces/disemVanilla/servidor_minecraft/libraries/com/github/oshi/oshi-core/6.4.10/oshi-core-6.4.10.jar!/oshi.properties, jar:file:/workspaces/disemVanilla/servidor_minecraft/libraries/com/github/oshi/oshi-core/6.4.10/oshi-core-6.4.10.jar!/oshi.properties]
[16Mar2025 02:22:41.018] [main/WARN] [oshi.util.FileUtil/]: Configuration conflict: there is more than one oshi.architecture.properties file on the classpath: [jar:file:///workspaces/disemVanilla/servidor_minecraft/libraries/com/github/oshi/oshi-core/6.4.10/oshi-core-6.4.10.jar!/oshi.architecture.properties, jar:file:/workspaces/disemVanilla/servidor_minecraft/libraries/com/github/oshi/oshi-core/6.4.10/oshi-core-6.4.10.jar!/oshi.architecture.properties, jar:file:///workspaces/disemVanilla/servidor_minecraft/libraries/com/github/oshi/oshi-core/6.4.10/oshi-core-6.4.10.jar!/oshi.architecture.properties, jar:file:/workspaces/disemVanilla/servidor_minecraft/libraries/com/github/oshi/oshi-core/6.4.10/oshi-core-6.4.10.jar!/oshi.architecture.properties]
[16Mar2025 02:22:49.577] [main/FATAL] [net.minecraftforge.fml.ModLoader/CORE]: Error during pre-loading phase
net.minecraftforge.fml.ModLoadingException: Mod §erechiseled§r requires §6supermartijn642corelib§r §o1.1.17 or above, and below 1.2.0§r
§7Currently, §6supermartijn642corelib§r§7 is §o§nnot installed
	at LAYER PLUGIN/net.minecraftforge.fmlcore@1.21.1-52.0.9/net.minecraftforge.fml.ModLoadingException.lambda$fromEarlyException$0(ModLoadingException.java:50) ~[fmlcore-1.21.1-52.0.9.jar:1.0]
	at java.base/java.util.stream.ReferencePipeline$3$1.accept(ReferencePipeline.java:197) ~[?:?]
	at java.base/java.util.AbstractList$RandomAccessSpliterator.forEachRemaining(AbstractList.java:722) ~[?:?]
	at java.base/java.util.stream.AbstractPipeline.copyInto(AbstractPipeline.java:509) ~[?:?]
	at java.base/java.util.stream.AbstractPipeline.wrapAndCopyInto(AbstractPipeline.java:499) ~[?:?]
	at java.base/java.util.stream.ForEachOps$ForEachOp.evaluateSequential(ForEachOps.java:151) ~[?:?]
	at java.base/java.util.stream.ForEachOps$ForEachOp$OfRef.evaluateSequential(ForEachOps.java:174) ~[?:?]
	at java.base/java.util.stream.AbstractPipeline.evaluate(AbstractPipeline.java:234) ~[?:?]
	at java.base/java.util.stream.ReferencePipeline.forEach(ReferencePipeline.java:596) ~[?:?]
	at java.base/java.util.stream.ReferencePipeline$7$1.accept(ReferencePipeline.java:276) ~[?:?]
	at java.base/java.util.ArrayList$ArrayListSpliterator.forEachRemaining(ArrayList.java:1708) ~[?:?]
	at java.base/java.util.stream.AbstractPipeline.copyInto(AbstractPipeline.java:509) ~[?:?]
	at java.base/java.util.stream.AbstractPipeline.wrapAndCopyInto(AbstractPipeline.java:499) ~[?:?]
	at java.base/java.util.stream.ReduceOps$ReduceOp.evaluateSequential(ReduceOps.java:921) ~[?:?]
	at java.base/java.util.stream.AbstractPipeline.evaluate(AbstractPipeline.java:234) ~[?:?]
	at java.base/java.util.stream.ReferencePipeline.collect(ReferencePipeline.java:682) ~[?:?]
	at LAYER PLUGIN/net.minecraftforge.fmlcore@1.21.1-52.0.9/net.minecraftforge.fml.ModLoader.<init>(ModLoader.java:97) ~[fmlcore-1.21.1-52.0.9.jar:1.0]
	at LAYER PLUGIN/net.minecraftforge.fmlcore@1.21.1-52.0.9/net.minecraftforge.fml.ModLoader$LazyInit.<clinit>(ModLoader.java:140) ~[fmlcore-1.21.1-52.0.9.jar:1.0]
	at LAYER PLUGIN/net.minecraftforge.fmlcore@1.21.1-52.0.9/net.minecraftforge.fml.ModLoader.get(ModLoader.java:136) ~[fmlcore-1.21.1-52.0.9.jar:1.0]
	at TRANSFORMER/forge@52.0.9/net.minecraftforge.event.ForgeEventFactory.<clinit>(ForgeEventFactory.java:219) ~[forge-1.21.1-52.0.9-universal.jar:?]
	at TRANSFORMER/forge@52.0.9/net.minecraftforge.common.ForgeHooks.gatherItemComponents(ForgeHooks.java:1279) ~[forge-1.21.1-52.0.9-universal.jar:?]
	at TRANSFORMER/minecraft@1.21.1/net.minecraft.world.item.Item.components(Item.java:114) ~[forge-1.21.1-52.0.9-server.jar:?]
	at TRANSFORMER/minecraft@1.21.1/net.minecraft.world.item.ItemStack.<init>(ItemStack.java:250) ~[forge-1.21.1-52.0.9-server.jar:?]
	at TRANSFORMER/minecraft@1.21.1/net.minecraft.world.item.ItemStack.<init>(ItemStack.java:234) ~[forge-1.21.1-52.0.9-server.jar:?]
	at TRANSFORMER/minecraft@1.21.1/net.minecraft.world.food.FoodProperties$Builder.usingConvertsTo(FoodProperties.java:103) ~[forge-1.21.1-52.0.9-server.jar:?]
	at TRANSFORMER/minecraft@1.21.1/net.minecraft.world.food.Foods.stew(Foods.java:73) ~[forge-1.21.1-52.0.9-server.jar:?]
	at TRANSFORMER/minecraft@1.21.1/net.minecraft.world.food.Foods.<clinit>(Foods.java:14) ~[forge-1.21.1-52.0.9-server.jar:?]
	at TRANSFORMER/minecraft@1.21.1/net.minecraft.world.item.Items.<clinit>(Items.java:883) ~[forge-1.21.1-52.0.9-server.jar:?]
	at TRANSFORMER/minecraft@1.21.1/net.minecraft.world.level.block.ComposterBlock.bootStrap(ComposterBlock.java:69) ~[forge-1.21.1-52.0.9-server.jar:?]
	at TRANSFORMER/minecraft@1.21.1/net.minecraft.server.Bootstrap.bootStrap(Bootstrap.java:46) ~[forge-1.21.1-52.0.9-server.jar:?]
	at TRANSFORMER/minecraft@1.21.1/net.minecraft.server.Main.main(Main.java:121) ~[forge-1.21.1-52.0.9-server.jar:?]
	at java.base/jdk.internal.reflect.DirectMethodHandleAccessor.invoke(DirectMethodHandleAccessor.java:103) ~[?:?]
	at java.base/java.lang.reflect.Method.invoke(Method.java:580) ~[?:?]
	at SECURE-BOOTSTRAP/net.minecraftforge.fmlloader@1.21.1-52.0.9/net.minecraftforge.fml.loading.targets.CommonLaunchHandler.runTarget(CommonLaunchHandler.java:85) ~[fmlloader-1.21.1-52.0.9.jar!/:?]
	at SECURE-BOOTSTRAP/net.minecraftforge.fmlloader@1.21.1-52.0.9/net.minecraftforge.fml.loading.targets.CommonLaunchHandler.lambda$makeService$0(CommonLaunchHandler.java:69) ~[fmlloader-1.21.1-52.0.9.jar!/:?]
	at SECURE-BOOTSTRAP/cpw.mods.modlauncher@10.2.1/cpw.mods.modlauncher.LaunchServiceHandler.launch(LaunchServiceHandler.java:77) [modlauncher-10.2.1.jar!/:?]
	at SECURE-BOOTSTRAP/cpw.mods.modlauncher@10.2.1/cpw.mods.modlauncher.LaunchServiceHandler.launch(LaunchServiceHandler.java:97) [modlauncher-10.2.1.jar!/:?]
	at SECURE-BOOTSTRAP/cpw.mods.modlauncher@10.2.1/cpw.mods.modlauncher.Launcher.run(Launcher.java:116) [modlauncher-10.2.1.jar!/:?]
	at SECURE-BOOTSTRAP/cpw.mods.modlauncher@10.2.1/cpw.mods.modlauncher.Launcher.main(Launcher.java:75) [modlauncher-10.2.1.jar!/:?]
	at SECURE-BOOTSTRAP/cpw.mods.modlauncher@10.2.1/cpw.mods.modlauncher.BootstrapEntry.main(BootstrapEntry.java:17) [modlauncher-10.2.1.jar!/:?]
	at net.minecraftforge.bootstrap@2.1.3/net.minecraftforge.bootstrap.Bootstrap.moduleMain(Bootstrap.java:188) [bootstrap-2.1.3.jar!/:?]
	at java.base/jdk.internal.reflect.DirectMethodHandleAccessor.invoke(DirectMethodHandleAccessor.java:103) ~[?:?]
	at java.base/java.lang.reflect.Method.invoke(Method.java:580) ~[?:?]
	at net.minecraftforge.bootstrap.Bootstrap.bootstrapMain(Bootstrap.java:133) [bootstrap-2.1.3.jar:2.1.3]
	at net.minecraftforge.bootstrap.Bootstrap.start(Bootstrap.java:53) [bootstrap-2.1.3.jar:2.1.3]
	at net.minecraftforge.bootstrap.ForgeBootstrap.main(ForgeBootstrap.java:19) [bootstrap-2.1.3.jar:2.1.3]
	at java.base/jdk.internal.reflect.DirectMethodHandleAccessor.invoke(DirectMethodHandleAccessor.java:103) ~[?:?]
	at java.base/java.lang.reflect.Method.invoke(Method.java:580) ~[?:?]
	at net.minecraftforge.bootstrap.shim.Main.main(Main.java:97) [forge-1.21.1-52.0.9-shim.jar:2.1.3]
[16Mar2025 02:22:49.684] [main/WARN] [oshi.util.FileUtil/]: Configuration conflict: there is more than one oshi.architecture.properties file on the classpath: [jar:file:///workspaces/disemVanilla/servidor_minecraft/libraries/com/github/oshi/oshi-core/6.4.10/oshi-core-6.4.10.jar!/oshi.architecture.properties, jar:file:/workspaces/disemVanilla/servidor_minecraft/libraries/com/github/oshi/oshi-core/6.4.10/oshi-core-6.4.10.jar!/oshi.architecture.properties, jar:file:///workspaces/disemVanilla/servidor_minecraft/libraries/com/github/oshi/oshi-core/6.4.10/oshi-core-6.4.10.jar!/oshi.architecture.properties, jar:file:/workspaces/disemVanilla/servidor_minecraft/libraries/com/github/oshi/oshi-core/6.4.10/oshi-core-6.4.10.jar!/oshi.architecture.properties]
[16Mar2025 02:22:49.696] [main/ERROR] [net.minecraft.CrashReport/]: Negative index in crash report handler (21/23)
[16Mar2025 02:22:49.784] [main/FATAL] [net.minecraftforge.server.loading.ServerModLoader/]: Crash report saved to ./crash-reports/crash-2025-03-16_02.22.49-fml.txt
[16Mar2025 02:22:49.791] [main/ERROR] [net.minecraft.server.Main/FATAL]: Failed to start the minecraft server
net.minecraftforge.fml.LoadingFailedException: Loading errors encountered: [
	Mod §erechiseled§r requires §6supermartijn642corelib§r §o1.1.17 or above, and below 1.2.0§r
§7Currently, §6supermartijn642corelib§r§7 is §o§nnot installed,
	Mod §econnectedglass§r requires §6supermartijn642corelib§r §o1.1.17 or above, and below 1.2.0§r
§7Currently, §6supermartijn642corelib§r§7 is §o§nnot installed,
	Mod §ebookshelf§r requires §6forge§r §o52.0.16 or above§r
§7Currently, §6forge§r§7 is §o52.0.9,
	Mod §eenchdesc§r requires §6forge§r §o52.0.16 or above§r
§7Currently, §6forge§r§7 is §o52.0.9,
	Mod §eprickle§r requires §6forge§r §o52.0.16 or above§r
§7Currently, §6forge§r§7 is §o52.0.9
]
	at LAYER PLUGIN/net.minecraftforge.fmlcore@1.21.1-52.0.9/net.minecraftforge.fml.ModLoader.gatherAndInitializeMods(ModLoader.java:162) ~[fmlcore-1.21.1-52.0.9.jar:1.0]
	at TRANSFORMER/forge@52.0.9/net.minecraftforge.server.loading.ServerModLoader.load(ServerModLoader.java:30) ~[forge-1.21.1-52.0.9-universal.jar:?]
	at TRANSFORMER/minecraft@1.21.1/net.minecraft.server.Main.main(Main.java:127) ~[forge-1.21.1-52.0.9-server.jar:?]
	at java.base/jdk.internal.reflect.DirectMethodHandleAccessor.invoke(DirectMethodHandleAccessor.java:103) ~[?:?]
	at java.base/java.lang.reflect.Method.invoke(Method.java:580) ~[?:?]
	at SECURE-BOOTSTRAP/net.minecraftforge.fmlloader@1.21.1-52.0.9/net.minecraftforge.fml.loading.targets.CommonLaunchHandler.runTarget(CommonLaunchHandler.java:85) ~[fmlloader-1.21.1-52.0.9.jar!/:?]
	at SECURE-BOOTSTRAP/net.minecraftforge.fmlloader@1.21.1-52.0.9/net.minecraftforge.fml.loading.targets.CommonLaunchHandler.lambda$makeService$0(CommonLaunchHandler.java:69) ~[fmlloader-1.21.1-52.0.9.jar!/:?]
	at SECURE-BOOTSTRAP/cpw.mods.modlauncher@10.2.1/cpw.mods.modlauncher.LaunchServiceHandler.launch(LaunchServiceHandler.java:77) [modlauncher-10.2.1.jar!/:?]
	at SECURE-BOOTSTRAP/cpw.mods.modlauncher@10.2.1/cpw.mods.modlauncher.LaunchServiceHandler.launch(LaunchServiceHandler.java:97) [modlauncher-10.2.1.jar!/:?]
	at SECURE-BOOTSTRAP/cpw.mods.modlauncher@10.2.1/cpw.mods.modlauncher.Launcher.run(Launcher.java:116) [modlauncher-10.2.1.jar!/:?]
	at SECURE-BOOTSTRAP/cpw.mods.modlauncher@10.2.1/cpw.mods.modlauncher.Launcher.main(Launcher.java:75) [modlauncher-10.2.1.jar!/:?]
	at SECURE-BOOTSTRAP/cpw.mods.modlauncher@10.2.1/cpw.mods.modlauncher.BootstrapEntry.main(BootstrapEntry.java:17) [modlauncher-10.2.1.jar!/:?]
	at net.minecraftforge.bootstrap@2.1.3/net.minecraftforge.bootstrap.Bootstrap.moduleMain(Bootstrap.java:188) [bootstrap-2.1.3.jar!/:?]
	at java.base/jdk.internal.reflect.DirectMethodHandleAccessor.invoke(DirectMethodHandleAccessor.java:103) ~[?:?]
	at java.base/java.lang.reflect.Method.invoke(Method.java:580) ~[?:?]
	at net.minecraftforge.bootstrap.Bootstrap.bootstrapMain(Bootstrap.java:133) [bootstrap-2.1.3.jar:2.1.3]
	at net.minecraftforge.bootstrap.Bootstrap.start(Bootstrap.java:53) [bootstrap-2.1.3.jar:2.1.3]
	at net.minecraftforge.bootstrap.ForgeBootstrap.main(ForgeBootstrap.java:19) [bootstrap-2.1.3.jar:2.1.3]
	at java.base/jdk.internal.reflect.DirectMethodHandleAccessor.invoke(DirectMethodHandleAccessor.java:103) ~[?:?]
	at java.base/java.lang.reflect.Method.invoke(Method.java:580) ~[?:?]
	at net.minecraftforge.bootstrap.shim.Main.main(Main.java:97) [forge-1.21.1-52.0.9-shim.jar:2.1.3]
